<?xml version="1.0" encoding="UTF-8"?>
<!-- Generated by org.testng.reporters.JUnitReportReporter -->
<testsuite hostname="AL-QAD-PC001" failures="0" tests="1" name="tests.aboutPage" time="52.402" errors="0" timestamp="2025-03-04T17:15:00 PST" skipped="0">
  <testcase classname="tests.aboutPage" name="aboutsPageTest" time="52.402">
    <system-out>
      <![CDATA[Asianlink.ai is Launched<br>
Accept Cookies<br>
Clicked About on the Navigation Bar<br>
<br>Hovered on: //img[@alt='Kevin D Keng']
<br>Hovered on: //img[@alt='Jose Czarauz Parra']
<br>Hovered on: //img[@alt='Cesar De Guzman']
<br>Hovered on: //img[@alt='Maria Melanie De Leon']
<br>Hovered on: //img[@alt='Dexter Ganibe']
<br>Hovered on: //img[@alt='Erick Dela Rosa']
<br>Hovered on: //img[@alt='Raquel Mallannao']
<br>Hovered on: //img[@alt='Jason Isaac Benitez']]]>
    </system-out>
  </testcase> <!-- aboutsPageTest -->
  <system-out>
    <![CDATA[Asianlink.ai is Launched<br>
Accept Cookies<br>
App Store Download is clicked<br>
Switched to new window and closing it.<br>
Switched back to main window.<br>
Asianlink.ai is Launched<br>
Failed to accept cookies: invalid selector: Unable to locate an element with the xpath expression //button[conts(text(), 'Accept Necessary')] because of the following error:
SyntaxError: Failed to execute 'evaluate' on 'Document': The string '//button[conts(text(), 'Accept Necessary')]' is not a valid XPath expression.
  (Session info: chrome=133.0.6943.142)
For documentation on this error, please visit: https://www.selenium.dev/documentation/webdriver/troubleshooting/errors#invalid-selector-exception
Build info: version: '4.29.0', revision: '18ae989'
System info: os.name: 'Windows 11', os.arch: 'amd64', os.version: '10.0', java.version: '22.0.1'
Driver info: org.openqa.selenium.chrome.ChromeDriver
Command: [14a391644742929b5590008247ca8011, findElement {value=//button[conts(text(), 'Accept Necessary')], using=xpath}]
Capabilities {acceptInsecureCerts: false, browserName: chrome, browserVersion: 133.0.6943.142, chrome: {chromedriverVersion: 133.0.6943.126 (cffa127ce7b..., userDataDir: C:\Users\ARWIN~1.VIE\AppDat...}, fedcm:accounts: true, goog:chromeOptions: {debuggerAddress: localhost:36378}, networkConnectionEnabled: false, pageLoadStrategy: normal, platformName: windows, proxy: Proxy(), se:cdp: ws://localhost:36378/devtoo..., se:cdpVersion: 133.0.6943.142, setWindowRect: true, strictFileInteractability: false, timeouts: {implicit: 0, pageLoad: 300000, script: 30000}, unhandledPromptBehavior: dismiss and notify, webauthn:extension:credBlob: true, webauthn:extension:largeBlob: true, webauthn:extension:minPinLength: true, webauthn:extension:prf: true, webauthn:virtualAuthenticators: true}
Session ID: 14a391644742929b5590008247ca8011<br>
Play Store Download is clicked<br>
Asianlink.ai is Launched<br>
Accept Cookies<br>
Clicked About on the Navigation Bar<br>
<br>Hovered on: //img[@alt='Kevin D Keng']
<br>Hovered on: //img[@alt='Jose Czarauz Parra']
<br>Hovered on: //img[@alt='Cesar De Guzman']
<br>Hovered on: //img[@alt='Maria Melanie De Leon']
<br>Hovered on: //img[@alt='Dexter Ganibe']
<br>Hovered on: //img[@alt='Erick Dela Rosa']
<br>Hovered on: //img[@alt='Raquel Mallannao']
<br>Hovered on: //img[@alt='Jason Isaac Benitez']
Asianlink.ai is Launched<br>
Accept Cookies<br>
Navigate to Join Our Community<br>
Click left button for navigating the comments<br>
Click right button for navigating the comments<br>
Click left button for navigating the comments<br>
Click right button for navigating the comments<br>]]>
  </system-out>
</testsuite> <!-- tests.aboutPage -->
