<?xml version="1.0" encoding="UTF-8"?>
<!-- Generated by org.testng.reporters.JUnitReportReporter -->
<testsuite hostname="AL-QAD-PC001" failures="0" tests="1" name="tests.aboutPage" time="51.520" errors="0" timestamp="2025-03-13T10:11:30 PST" skipped="0">
  <testcase classname="tests.aboutPage" name="aboutsPageTest" time="51.520">
    <system-out>
      <![CDATA[Asianlink.ai is Launched<br>
Accept Cookies<br>
Clicked About on the Navigation Bar<br>
<br>Hovered on: Kevin D Keng
<br>Hovered on: Jose Czarauz Parra
<br>Hovered on: Cesar De Guzman
<br>Hovered on: Maria Melanie De Leon
<br>Hovered on: Dexter Ganibe
<br>Hovered on: Erick Dela Rosa
<br>Hovered on: Raquel Mallannao
<br>Hovered on: Jason Isaac Benitez]]>
    </system-out>
  </testcase> <!-- aboutsPageTest -->
  <system-out>
    <![CDATA[<br>- Asianlink.ai is Launched<br>- Accept Cookies<br>- App Store Download is clicked<br>- Switched to new window and closing it.<br>- Switched back to main window.<br>
Asianlink.ai is Launched<br>
Accept Cookies<br>
Play Store Download is clicked<br>
Asianlink.ai is Launched<br>
Accept Cookies<br>
Clicked About on the Navigation Bar<br>
<br>Hovered on: Kevin D Keng
<br>Hovered on: Jose Czarauz Parra
<br>Hovered on: Cesar De Guzman
<br>Hovered on: Maria Melanie De Leon
<br>Hovered on: Dexter Ganibe
<br>Hovered on: Erick Dela Rosa
<br>Hovered on: Raquel Mallannao
<br>Hovered on: Jason Isaac Benitez
Asianlink.ai is Launched<br>
Accept Cookies<br>
Navigate to Join Our Community<br>
Click left button for navigating the comments<br>
Click right button for navigating the comments<br>
Click left button for navigating the comments<br>
Click right button for navigating the comments<br>]]>
  </system-out>
</testsuite> <!-- tests.aboutPage -->
