<?xml version="1.0" encoding="UTF-8"?>
<!-- Generated by org.testng.reporters.JUnitReportReporter -->
<testsuite hostname="AL-QAD-PC001" failures="0" tests="1" name="tests.appStoreTest" time="8.553" errors="0" timestamp="2025-02-28T10:30:38 PST" skipped="0">
  <testcase classname="tests.appStoreTest" name="testAppStoreLink" time="8.553"/>
</testsuite> <!-- tests.appStoreTest -->
