<?xml version="1.0" encoding="UTF-8"?>
<!-- Generated by org.testng.reporters.JUnitReportReporter -->
<testsuite hostname="AL-QAD-PC001" failures="0" tests="1" name="tests.playStoreTest" time="9.356" errors="0" timestamp="2025-03-05T13:49:10 PST" skipped="0">
  <testcase classname="tests.playStoreTest" name="testPlayStoreLink" time="9.356">
    <system-out>
      <![CDATA[Asianlink.ai is Launched<br>
Accept Cookies<br>
Play Store Download is clicked<br>
Status: PASSED<br>]]>
    </system-out>
  </testcase> <!-- testPlayStoreLink -->
  <system-out>
    <![CDATA[<br>- Asianlink.ai is Launched<br>- Accept Cookies<br>- FAILED: Could not click App Store link - invalid selector: Unable to locate an element with the xpath expression //imlt='App Store'] because of the following error:<br>SyntaxError: Failed to execute 'evaluate' on 'Document': The string '//imlt='App Store']' is not a valid XPath expression.<br>  (Session info: chrome=133.0.6943.143)<br>For documentation on this error, please visit: https://www.selenium.dev/documentation/webdriver/troubleshooting/errors#invalid-selector-exception<br>Build info: version: '4.29.0', revision: '18ae989'<br>System info: os.name: 'Windows 11', os.arch: 'amd64', os.version: '10.0', java.version: '22.0.1'<br>Driver info: org.openqa.selenium.chrome.ChromeDriver<br>Command: [d3d31b443eec22bed0524c37f0aa295c, findElement {using=xpath, value=//imlt='App Store']}]<br>Capabilities {acceptInsecureCerts: false, browserName: chrome, browserVersion: 133.0.6943.143, chrome: {chromedriverVersion: 133.0.6943.126 (cffa127ce7b..., userDataDir: C:\Users\ARWIN~1.VIE\AppDat...}, fedcm:accounts: true, goog:chromeOptions: {debuggerAddress: localhost:44753}, networkConnectionEnabled: false, pageLoadStrategy: normal, platformName: windows, proxy: Proxy(), se:cdp: ws://localhost:44753/devtoo..., se:cdpVersion: 133.0.6943.143, setWindowRect: true, strictFileInteractability: false, timeouts: {implicit: 0, pageLoad: 300000, script: 30000}, unhandledPromptBehavior: dismiss and notify, webauthn:extension:credBlob: true, webauthn:extension:largeBlob: true, webauthn:extension:minPinLength: true, webauthn:extension:prf: true, webauthn:virtualAuthenticators: true}<br>Session ID: d3d31b443eec22bed0524c37f0aa295c<br>- Status: FAILED<br>
Asianlink.ai is Launched<br>
Accept Cookies<br>
Play Store Download is clicked<br>
Status: PASSED<br>
Asianlink.ai is Launched<br>
Accept Cookies<br>
Clicked About on the Navigation Bar<br>
<br>Hovered on: //img[@alt='Kevin D Keng']
<br>Hovered on: //img[@alt='Jose Czarauz Parra']
<br>Hovered on: //img[@alt='Cesar De Guzman']
<br>Hovered on: //img[@alt='Maria Melanie De Leon']
<br>Hovered on: //img[@alt='Dexter Ganibe']
<br>Hovered on: //img[@alt='Erick Dela Rosa']
<br>Hovered on: //img[@alt='Raquel Mallannao']
<br>Hovered on: //img[@alt='Jason Isaac Benitez']
Asianlink.ai is Launched<br>
Accept Cookies<br>
Navigate to Join Our Community<br>
Click left button for navigating the comments<br>
Click right button for navigating the comments<br>
Click left button for navigating the comments<br>
Click right button for navigating the comments<br>
Status: PASSED<br>]]>
  </system-out>
</testsuite> <!-- tests.playStoreTest -->
