<?xml version="1.0" encoding="UTF-8"?>
<!-- Generated by org.testng.reporters.JUnitReportReporter -->
<testsuite hostname="AL-QAD-PC001" failures="0" tests="1" name="tests.aboutPage" time="35.188" errors="0" timestamp="2025-02-28T15:13:28 PST" skipped="0">
  <testcase classname="tests.aboutPage" name="aboutsPageTest" time="35.188"/>
</testsuite> <!-- tests.aboutPage -->
