<?xml version="1.0" encoding="UTF-8"?>
<!-- Generated by org.testng.reporters.JUnitReportReporter -->
<testsuite hostname="AL-QAD-PC001" failures="0" tests="1" name="tests.aboutPage" time="52.475" errors="0" timestamp="2025-03-05T13:59:25 PST" skipped="0">
  <testcase classname="tests.aboutPage" name="aboutsPageTest" time="52.475">
    <system-out>
      <![CDATA[Asianlink.ai is Launched<br>
Accept Cookies<br>
Clicked About on the Navigation Bar<br>
<br>Hovered on: Kevin D Keng
<br>Hovered on: Jose Czarauz Parra
<br>Hovered on: Cesar De Guzman
<br>Hovered on: Maria Melanie De Leon
<br>Hovered on: Dexter Ganibe
<br>Hovered on: Erick Dela Rosa
<br>Hovered on: Raquel Mallannao
<br>Hovered on: Jason Isaac Benitez]]>
    </system-out>
  </testcase> <!-- aboutsPageTest -->
  <system-out>
    <![CDATA[Asianlink.ai is Launched<br>
Accept Cookies<br>
Clicked About on the Navigation Bar<br>
<br>Hovered on: Kevin D Keng
<br>Hovered on: Jose Czarauz Parra
<br>Hovered on: Cesar De Guzman
<br>Hovered on: Maria Melanie De Leon
<br>Hovered on: Dexter Ganibe
<br>Hovered on: Erick Dela Rosa
<br>Hovered on: Raquel Mallannao
<br>Hovered on: Jason Isaac Benitez]]>
  </system-out>
</testsuite> <!-- tests.aboutPage -->
