<?xml version="1.0" encoding="UTF-8"?>
<!-- Generated by org.testng.reporters.JUnitReportReporter -->
<testsuite hostname="AL-QAD-PC001" failures="0" tests="1" name="tests.joinOurCommunity" time="17.618" errors="0" timestamp="2025-03-06T16:59:30 PST" skipped="0">
  <testcase classname="tests.joinOurCommunity" name="communitySection" time="17.618">
    <system-out>
      <![CDATA[Asianlink.ai is Launched<br>
Accept Cookies<br>
Navigate to Join Our Community<br>
Click left button for navigating the comments<br>
Click right button for navigating the comments<br>
Click left button for navigating the comments<br>
Click right button for navigating the comments<br>
Status: PASSED<br>]]>
    </system-out>
  </testcase> <!-- communitySection -->
  <system-out>
    <![CDATA[<br>- Asianlink.ai is Launched<br>- Accept Cookies<br>- FAILED: Could not click App Store link - invalid selector: Unable to locate an element with the xpath expression //imlt='App Store'] because of the following error:<br>SyntaxError: Failed to execute 'evaluate' on 'Document': The string '//imlt='App Store']' is not a valid XPath expression.<br>  (Session info: chrome=133.0.6943.143)<br>For documentation on this error, please visit: https://www.selenium.dev/documentation/webdriver/troubleshooting/errors#invalid-selector-exception<br>Build info: version: '4.29.0', revision: '18ae989'<br>System info: os.name: 'Windows 11', os.arch: 'amd64', os.version: '10.0', java.version: '22.0.1'<br>Driver info: org.openqa.selenium.chrome.ChromeDriver<br>Command: [946cb797a4126b3b5f5b7e45ef60178b, findElement {value=//imlt='App Store'], using=xpath}]<br>Capabilities {acceptInsecureCerts: false, browserName: chrome, browserVersion: 133.0.6943.143, chrome: {chromedriverVersion: 133.0.6943.126 (cffa127ce7b..., userDataDir: C:\Users\ARWIN~1.VIE\AppDat...}, fedcm:accounts: true, goog:chromeOptions: {debuggerAddress: localhost:58812}, networkConnectionEnabled: false, pageLoadStrategy: normal, platformName: windows, proxy: Proxy(), se:cdp: ws://localhost:58812/devtoo..., se:cdpVersion: 133.0.6943.143, setWindowRect: true, strictFileInteractability: false, timeouts: {implicit: 0, pageLoad: 300000, script: 30000}, unhandledPromptBehavior: dismiss and notify, webauthn:extension:credBlob: true, webauthn:extension:largeBlob: true, webauthn:extension:minPinLength: true, webauthn:extension:prf: true, webauthn:virtualAuthenticators: true}<br>Session ID: 946cb797a4126b3b5f5b7e45ef60178b<br>- Status: FAILED<br>
Asianlink.ai is Launched<br>
Accept Cookies<br>
Play Store Download is clicked<br>
Status: PASSED<br>
Asianlink.ai is Launched<br>
Accept Cookies<br>
Clicked About on the Navigation Bar<br>
<br>Hovered on: Kevin D Keng
<br>Hovered on: Jose Czarauz Parra
<br>Hovered on: Cesar De Guzman
<br>Hovered on: Maria Melanie De Leon
<br>Hovered on: Dexter Ganibe
<br>Hovered on: Erick Dela Rosa
<br>Hovered on: Raquel Mallannao
<br>Hovered on: Jason Isaac Benitez
Asianlink.ai is Launched<br>
Accept Cookies<br>
Navigate to Join Our Community<br>
Click left button for navigating the comments<br>
Click right button for navigating the comments<br>
Click left button for navigating the comments<br>
Click right button for navigating the comments<br>
Status: PASSED<br>]]>
  </system-out>
</testsuite> <!-- tests.joinOurCommunity -->
